<?xml version="1.0" encoding="utf-8"?><testsuites name="pytest tests"><testsuite name="pytest" errors="0" failures="0" skipped="0" tests="20" time="4.511" timestamp="2026-04-06T11:57:55.790240+00:00" hostname="agent-env-e74c7fa7-4dae-4574-81db-06422c63beed"><testcase classname="backend.tests.test_zones_advanced.TestZonesAdvancedCRUD" name="test_01_create_ble_zone" time="0.448" /><testcase classname="backend.tests.test_zones_advanced.TestZonesAdvancedCRUD" name="test_02_create_zone_with_exit_mode" time="0.201" /><testcase classname="backend.tests.test_zones_advanced.TestZonesAdvancedCRUD" name="test_03_create_zone_with_both_mode" time="0.238" /><testcase classname="backend.tests.test_zones_advanced.TestZoneEvents" name="test_04_list_zone_events_returns_200" time="0.107" /><testcase classname="backend.tests.test_zones_advanced.TestZoneEvents" name="test_05_zone_events_stats_returns_correct_structure" time="0.116" /><testcase classname="backend.tests.test_zones_advanced.TestZoneEvents" name="test_06_create_zone_event" time="0.336" /><testcase classname="backend.tests.test_zones_advanced.TestZoneEvents" name="test_07_list_events_with_filters" time="0.137" /><testcase classname="backend.tests.test_zones_advanced.TestZoneDetection" name="test_08_detect_asset_in_circle_zone" time="0.312" /><testcase classname="backend.tests.test_zones_advanced.TestZoneDetection" name="test_09_detect_asset_outside_zone" time="0.330" /><testcase classname="backend.tests.test_zones_advanced.TestZoneTrigger" name="test_10_trigger_zone_event" time="0.310" /><testcase classname="backend.tests.test_zones_advanced.TestZoneTrigger" name="test_11_trigger_respects_zone_mode_entry_only" time="0.281" /><testcase classname="backend.tests.test_zones_advanced.TestZoneTrigger" name="test_12_trigger_nonexistent_zone_returns_404" time="0.097" /><testcase classname="backend.tests.test_zones_advanced.TestZoneAlerts" name="test_13_list_zone_alerts_returns_200" time="0.115" /><testcase classname="backend.tests.test_zones_advanced.TestZoneAlerts" name="test_14_create_zone_alert" time="0.388" /><testcase classname="backend.tests.test_zones_advanced.TestZoneAlerts" name="test_15_delete_zone_alert" time="0.503" /><testcase classname="backend.tests.test_zones_advanced.TestZoneAlerts" name="test_16_delete_nonexistent_alert_returns_404" time="0.091" /><testcase classname="backend.tests.test_zones_advanced.TestRouteOrdering" name="test_17_events_route_not_404" time="0.101" /><testcase classname="backend.tests.test_zones_advanced.TestRouteOrdering" name="test_18_events_stats_route_not_404" time="0.101" /><testcase classname="backend.tests.test_zones_advanced.TestRouteOrdering" name="test_19_detect_route_not_404" time="0.110" /><testcase classname="backend.tests.test_zones_advanced.TestRouteOrdering" name="test_20_alerts_route_not_404" time="0.105" /></testsuite></testsuites>