<?xml version="1.0" encoding="utf-8"?><testsuites name="pytest tests"><testsuite name="pytest" errors="0" failures="0" skipped="0" tests="10" time="1.995" timestamp="2026-04-06T17:20:40.408891+00:00" hostname="agent-env-e74c7fa7-4dae-4574-81db-06422c63beed"><testcase classname="backend.tests.test_smart_alerts.TestSmartAlertRules" name="test_get_alert_rules" time="0.262" /><testcase classname="backend.tests.test_smart_alerts.TestSmartAlertRules" name="test_toggle_rule_off" time="0.502" /><testcase classname="backend.tests.test_smart_alerts.TestSmartAlertRules" name="test_toggle_rule_on" time="0.237" /><testcase classname="backend.tests.test_smart_alerts.TestAlertScan" name="test_scan_reservations" time="0.105" /><testcase classname="backend.tests.test_smart_alerts.TestAlertsList" name="test_get_active_alerts" time="0.128" /><testcase classname="backend.tests.test_smart_alerts.TestAlertsList" name="test_get_all_alerts" time="0.118" /><testcase classname="backend.tests.test_smart_alerts.TestAlertStats" name="test_get_alert_stats" time="0.122" /><testcase classname="backend.tests.test_smart_alerts.TestReservationKPIs" name="test_get_kpis" time="0.173" /><testcase classname="backend.tests.test_smart_alerts.TestNotifications" name="test_get_notifications" time="0.109" /><testcase classname="backend.tests.test_smart_alerts.TestNotifications" name="test_notification_count" time="0.113" /></testsuite></testsuites>