<?xml version="1.0" encoding="utf-8"?><testsuites name="pytest tests"><testsuite name="pytest" errors="0" failures="0" skipped="0" tests="16" time="4.209" timestamp="2026-04-06T17:43:44.251304+00:00" hostname="agent-env-e74c7fa7-4dae-4574-81db-06422c63beed"><testcase classname="backend.tests.test_phases_bcd.TestPhaseB_GanttView" name="test_gantt_endpoint_returns_200" time="0.260" /><testcase classname="backend.tests.test_phases_bcd.TestPhaseB_GanttView" name="test_gantt_response_structure" time="0.112" /><testcase classname="backend.tests.test_phases_bcd.TestPhaseB_GanttView" name="test_gantt_assets_grouped_correctly" time="0.122" /><testcase classname="backend.tests.test_phases_bcd.TestPhaseB_GanttView" name="test_gantt_days_parameter" time="0.390" /><testcase classname="backend.tests.test_phases_bcd.TestPhaseC_ApprovalFlow" name="test_approve_changes_status_to_confirmed" time="0.441" /><testcase classname="backend.tests.test_phases_bcd.TestPhaseC_ApprovalFlow" name="test_reject_changes_status_to_rejected" time="0.598" /><testcase classname="backend.tests.test_phases_bcd.TestPhaseC_ApprovalFlow" name="test_approve_nonexistent_returns_404" time="0.361" /><testcase classname="backend.tests.test_phases_bcd.TestPhaseC_ApprovalFlow" name="test_reject_nonexistent_returns_404" time="0.364" /><testcase classname="backend.tests.test_phases_bcd.TestPhaseD_OperationalKPIs" name="test_today_summary_endpoint_returns_200" time="0.140" /><testcase classname="backend.tests.test_phases_bcd.TestPhaseD_OperationalKPIs" name="test_today_summary_response_structure" time="0.114" /><testcase classname="backend.tests.test_phases_bcd.TestPhaseD_OperationalKPIs" name="test_today_summary_includes_detail_lists" time="0.102" /><testcase classname="backend.tests.test_phases_bcd.TestPhaseD_OperationalKPIs" name="test_kpis_endpoint_returns_200" time="0.128" /><testcase classname="backend.tests.test_phases_bcd.TestPhaseD_OperationalKPIs" name="test_kpis_response_structure" time="0.118" /><testcase classname="backend.tests.test_phases_bcd.TestIntegration" name="test_gantt_shows_requested_reservations" time="0.239" /><testcase classname="backend.tests.test_phases_bcd.TestIntegration" name="test_approval_updates_gantt_status" time="0.364" /><testcase classname="backend.tests.test_phases_bcd.TestIntegration" name="test_pending_count_matches_requested_reservations" time="0.253" /></testsuite></testsuites>