<?xml version="1.0" encoding="utf-8"?><testsuites name="pytest tests"><testsuite name="pytest" errors="0" failures="0" skipped="0" tests="13" time="1.728" timestamp="2026-04-06T11:11:49.251889+00:00" hostname="agent-env-e74c7fa7-4dae-4574-81db-06422c63beed"><testcase classname="backend.tests.test_iteration21.TestCancelEndpointBugFix" name="test_cancel_nonexistent_reservation_returns_404" time="0.115" /><testcase classname="backend.tests.test_iteration21.TestCancelEndpointBugFix" name="test_cancel_existing_reservation_works" time="0.304" /><testcase classname="backend.tests.test_iteration21.TestCSVExport" name="test_csv_export_returns_csv_file" time="0.100" /><testcase classname="backend.tests.test_iteration21.TestCSVExport" name="test_csv_export_with_status_filter" time="0.102" /><testcase classname="backend.tests.test_iteration21.TestRolesEndpoints" name="test_get_roles_returns_roles_and_permissions" time="0.102" /><testcase classname="backend.tests.test_iteration21.TestRolesEndpoints" name="test_assign_role_to_user" time="0.104" /><testcase classname="backend.tests.test_iteration21.TestRolesEndpoints" name="test_assign_invalid_role_returns_400" time="0.110" /><testcase classname="backend.tests.test_iteration21.TestRolesEndpoints" name="test_get_users_with_roles" time="0.104" /><testcase classname="backend.tests.test_iteration21.TestRolesEndpoints" name="test_check_permission_endpoint" time="0.233" /><testcase classname="backend.tests.test_iteration21.TestWebSocketEndpoint" name="test_websocket_endpoint_exists" time="0.100" /><testcase classname="backend.tests.test_iteration21.TestExistingEndpointsStillWork" name="test_reservations_list" time="0.102" /><testcase classname="backend.tests.test_iteration21.TestExistingEndpointsStillWork" name="test_reservations_kpis" time="0.101" /><testcase classname="backend.tests.test_iteration21.TestExistingEndpointsStillWork" name="test_notifications_list" time="0.098" /></testsuite></testsuites>