<?xml version="1.0" encoding="utf-8"?><testsuites name="pytest tests"><testsuite name="pytest" errors="0" failures="0" skipped="0" tests="13" time="3.137" timestamp="2026-04-06T11:37:28.994779+00:00" hostname="agent-env-e74c7fa7-4dae-4574-81db-06422c63beed"><testcase classname="backend.tests.test_zones_crud.TestZonesCRUD" name="test_01_list_zones_returns_200" time="0.195" /><testcase classname="backend.tests.test_zones_crud.TestZonesCRUD" name="test_02_create_circle_zone" time="0.308" /><testcase classname="backend.tests.test_zones_crud.TestZonesCRUD" name="test_03_create_polygon_zone" time="0.235" /><testcase classname="backend.tests.test_zones_crud.TestZonesCRUD" name="test_04_get_single_zone" time="0.356" /><testcase classname="backend.tests.test_zones_crud.TestZonesCRUD" name="test_05_get_nonexistent_zone_returns_404" time="0.099" /><testcase classname="backend.tests.test_zones_crud.TestZonesCRUD" name="test_06_update_zone" time="0.457" /><testcase classname="backend.tests.test_zones_crud.TestZonesCRUD" name="test_07_update_nonexistent_zone_returns_404" time="0.103" /><testcase classname="backend.tests.test_zones_crud.TestZonesCRUD" name="test_08_delete_zone" time="0.319" /><testcase classname="backend.tests.test_zones_crud.TestZonesCRUD" name="test_09_delete_nonexistent_zone_returns_404" time="0.122" /><testcase classname="backend.tests.test_zones_crud.TestZonesCRUD" name="test_10_existing_zone_in_db" time="0.106" /><testcase classname="backend.tests.test_zones_crud.TestZonesCRUD" name="test_11_zones_collection_persistence" time="0.349" /><testcase classname="backend.tests.test_zones_crud.TestZonesDataValidation" name="test_create_zone_with_all_fields" time="0.199" /><testcase classname="backend.tests.test_zones_crud.TestZonesDataValidation" name="test_create_zone_with_minimal_fields" time="0.215" /></testsuite></testsuites>