<?xml version="1.0" encoding="utf-8"?><testsuites name="pytest tests"><testsuite name="pytest" errors="0" failures="0" skipped="0" tests="20" time="3.185" timestamp="2026-04-06T10:22:55.330043+00:00" hostname="agent-env-e74c7fa7-4dae-4574-81db-06422c63beed"><testcase classname="tests.test_reservations.TestReservationsBasic" name="test_get_reservations_list" time="0.255" /><testcase classname="tests.test_reservations.TestReservationsBasic" name="test_get_reservations_with_status_filter" time="0.101" /><testcase classname="tests.test_reservations.TestReservationsBasic" name="test_get_reservations_planning" time="0.137" /><testcase classname="tests.test_reservations.TestReservationsBasic" name="test_get_reservations_kpis" time="0.107" /><testcase classname="tests.test_reservations.TestReservationCreate" name="test_create_reservation_success" time="0.164" /><testcase classname="tests.test_reservations.TestReservationCreate" name="test_create_reservation_missing_fields" time="0.129" /><testcase classname="tests.test_reservations.TestAntiConflict" name="test_conflict_detection_returns_409" time="0.192" /><testcase classname="tests.test_reservations.TestCheckOutCheckIn" name="test_checkout_confirmed_reservation" time="0.198" /><testcase classname="tests.test_reservations.TestCheckOutCheckIn" name="test_checkin_in_progress_reservation" time="0.221" /><testcase classname="tests.test_reservations.TestCheckOutCheckIn" name="test_checkout_non_confirmed_fails" time="0.139" /><testcase classname="tests.test_reservations.TestCheckOutCheckIn" name="test_checkin_non_in_progress_fails" time="0.177" /><testcase classname="tests.test_reservations.TestCancelReservation" name="test_cancel_reservation" time="0.234" /><testcase classname="tests.test_reservations.TestCancelReservation" name="test_cancel_completed_fails" time="0.164" /><testcase classname="tests.test_reservations.TestNotifications" name="test_get_notifications" time="0.125" /><testcase classname="tests.test_reservations.TestNotifications" name="test_get_unread_notifications" time="0.107" /><testcase classname="tests.test_reservations.TestNotifications" name="test_notification_count" time="0.101" /><testcase classname="tests.test_reservations.TestNotifications" name="test_mark_all_notifications_read" time="0.139" /><testcase classname="tests.test_reservations.TestReservationDetail" name="test_get_reservation_by_id" time="0.157" /><testcase classname="tests.test_reservations.TestReservationDetail" name="test_get_nonexistent_reservation" time="0.101" /><testcase classname="tests.test_reservations.TestAvailability" name="test_check_availability" time="0.102" /></testsuite></testsuites>