<?xml version="1.0" encoding="utf-8"?><testsuites name="pytest tests"><testsuite name="pytest" errors="0" failures="0" skipped="0" tests="24" time="2.996" timestamp="2026-04-07T07:53:45.746782+00:00" hostname="agent-env-e74c7fa7-4dae-4574-81db-06422c63beed"><testcase classname="backend.tests.test_backend_regression.TestHealthAndBasicRoutes" name="test_root_hello_world" time="0.100" /><testcase classname="backend.tests.test_backend_regression.TestHealthAndBasicRoutes" name="test_status_endpoint" time="0.099" /><testcase classname="backend.tests.test_backend_regression.TestReservationsRouter" name="test_list_reservations" time="0.102" /><testcase classname="backend.tests.test_backend_regression.TestReservationsRouter" name="test_gantt_endpoint" time="0.107" /><testcase classname="backend.tests.test_backend_regression.TestReservationsRouter" name="test_today_summary" time="0.117" /><testcase classname="backend.tests.test_backend_regression.TestReservationsRouter" name="test_kpis_endpoint" time="0.111" /><testcase classname="backend.tests.test_backend_regression.TestReservationsRouter" name="test_planning_endpoint" time="0.098" /><testcase classname="backend.tests.test_backend_regression.TestReservationsRouter" name="test_export_csv" time="0.096" /><testcase classname="backend.tests.test_backend_regression.TestAlertsRouter" name="test_alert_rules" time="0.112" /><testcase classname="backend.tests.test_backend_regression.TestAlertsRouter" name="test_alert_scan" time="0.094" /><testcase classname="backend.tests.test_backend_regression.TestAlertsRouter" name="test_get_alerts" time="0.101" /><testcase classname="backend.tests.test_backend_regression.TestAlertsRouter" name="test_alert_stats" time="0.109" /><testcase classname="backend.tests.test_backend_regression.TestZonesRouter" name="test_list_zones" time="0.105" /><testcase classname="backend.tests.test_backend_regression.TestZonesRouter" name="test_zone_events" time="0.093" /><testcase classname="backend.tests.test_backend_regression.TestZonesRouter" name="test_zone_alerts" time="0.091" /><testcase classname="backend.tests.test_backend_regression.TestNotificationsRouter" name="test_list_notifications" time="0.100" /><testcase classname="backend.tests.test_backend_regression.TestNotificationsRouter" name="test_notification_count" time="0.098" /><testcase classname="backend.tests.test_backend_regression.TestRolesRouter" name="test_list_roles" time="0.094" /><testcase classname="backend.tests.test_backend_regression.TestMaintenanceRouter" name="test_list_maintenance" time="0.092" /><testcase classname="backend.tests.test_backend_regression.TestApprovalWorkflow" name="test_approve_reservation" time="0.294" /><testcase classname="backend.tests.test_backend_regression.TestApprovalWorkflow" name="test_reject_reservation" time="0.305" /><testcase classname="backend.tests.test_backend_regression.TestApprovalWorkflow" name="test_approve_nonexistent_returns_404" time="0.205" /><testcase classname="backend.tests.test_backend_regression.TestDeviceRoutes" name="test_device_configs" time="0.115" /><testcase classname="backend.tests.test_backend_regression.TestWebSocket" name="test_websocket_endpoint_exists" time="0.103" /></testsuite></testsuites>